<?xml version="1.0" encoding="UTF-8"?>
<testsuite xmlns:xsi="http://www.w3.org/2001/XMLSchema-instance" xsi:noNamespaceSchemaLocation="https://maven.apache.org/surefire/maven-surefire-plugin/xsd/surefire-test-report-3.0.xsd" version="3.0" name="se233.contra.model.ScoringTest" time="0.014" tests="11" errors="0" skipped="0" failures="0">
  <properties>
    <property name="java.specification.version" value="21"/>
    <property name="javafx.runtime.version" value="17.0.2-ea+3"/>
    <property name="sun.jnu.encoding" value="UTF-8"/>
    <property name="java.class.path" value="/Users/tsukina/Downloads/ADV-PROJECT2-Test-main/contra/target/test-classes:/Users/tsukina/Downloads/ADV-PROJECT2-Test-main/contra/target/classes:/Users/tsukina/.m2/repository/org/openjfx/javafx-controls/17.0.2/javafx-controls-17.0.2.jar:/Users/tsukina/.m2/repository/org/openjfx/javafx-controls/17.0.2/javafx-controls-17.0.2-mac-aarch64.jar:/Users/tsukina/.m2/repository/org/openjfx/javafx-fxml/17.0.2/javafx-fxml-17.0.2.jar:/Users/tsukina/.m2/repository/org/openjfx/javafx-fxml/17.0.2/javafx-fxml-17.0.2-mac-aarch64.jar:/Users/tsukina/.m2/repository/org/openjfx/javafx-graphics/17.0.2/javafx-graphics-17.0.2.jar:/Users/tsukina/.m2/repository/org/openjfx/javafx-graphics/17.0.2/javafx-graphics-17.0.2-mac-aarch64.jar:/Users/tsukina/.m2/repository/org/openjfx/javafx-media/17.0.2/javafx-media-17.0.2.jar:/Users/tsukina/.m2/repository/org/openjfx/javafx-media/17.0.2/javafx-media-17.0.2-mac-aarch64.jar:/Users/tsukina/.m2/repository/org/openjfx/javafx-base/17.0.2/javafx-base-17.0.2.jar:/Users/tsukina/.m2/repository/org/openjfx/javafx-base/17.0.2/javafx-base-17.0.2-mac-aarch64.jar:/Users/tsukina/.m2/repository/org/slf4j/slf4j-api/2.0.9/slf4j-api-2.0.9.jar:/Users/tsukina/.m2/repository/ch/qos/logback/logback-classic/1.4.11/logback-classic-1.4.11.jar:/Users/tsukina/.m2/repository/ch/qos/logback/logback-core/1.4.11/logback-core-1.4.11.jar:/Users/tsukina/.m2/repository/org/junit/jupiter/junit-jupiter-api/5.10.0/junit-jupiter-api-5.10.0.jar:/Users/tsukina/.m2/repository/org/opentest4j/opentest4j/1.3.0/opentest4j-1.3.0.jar:/Users/tsukina/.m2/repository/org/junit/platform/junit-platform-commons/1.10.0/junit-platform-commons-1.10.0.jar:/Users/tsukina/.m2/repository/org/apiguardian/apiguardian-api/1.1.2/apiguardian-api-1.1.2.jar:/Users/tsukina/.m2/repository/org/junit/jupiter/junit-jupiter-engine/5.10.0/junit-jupiter-engine-5.10.0.jar:/Users/tsukina/.m2/repository/org/junit/platform/junit-platform-engine/1.10.0/junit-platform-engine-1.10.0.jar:/Users/tsukina/.m2/repository/org/mockito/mockito-core/5.5.0/mockito-core-5.5.0.jar:/Users/tsukina/.m2/repository/net/bytebuddy/byte-buddy/1.14.6/byte-buddy-1.14.6.jar:/Users/tsukina/.m2/repository/net/bytebuddy/byte-buddy-agent/1.14.6/byte-buddy-agent-1.14.6.jar:/Users/tsukina/.m2/repository/org/objenesis/objenesis/3.3/objenesis-3.3.jar:"/>
    <property name="java.vm.vendor" value="Oracle Corporation"/>
    <property name="sun.arch.data.model" value="64"/>
    <property name="java.vendor.url" value="https://java.oracle.com/"/>
    <property name="user.timezone" value="Asia/Bangkok"/>
    <property name="javafx.version" value="17.0.2-ea"/>
    <property name="os.name" value="Mac OS X"/>
    <property name="java.vm.specification.version" value="21"/>
    <property name="sun.java.launcher" value="SUN_STANDARD"/>
    <property name="user.country" value="TH"/>
    <property name="sun.boot.library.path" value="/Library/Java/JavaVirtualMachines/jdk-21.jdk/Contents/Home/lib"/>
    <property name="sun.java.command" value="/Users/tsukina/Downloads/ADV-PROJECT2-Test-main/contra/target/surefire/surefirebooter-20251016113539391_3.jar /Users/tsukina/Downloads/ADV-PROJECT2-Test-main/contra/target/surefire 2568-10-16T11-35-39_354-jvmRun1 surefire-20251016113539391_1tmp surefire_0-20251016113539391_2tmp"/>
    <property name="http.nonProxyHosts" value="local|*.local|169.254/16|*.169.254/16"/>
    <property name="jdk.debug" value="release"/>
    <property name="surefire.test.class.path" value="/Users/tsukina/Downloads/ADV-PROJECT2-Test-main/contra/target/test-classes:/Users/tsukina/Downloads/ADV-PROJECT2-Test-main/contra/target/classes:/Users/tsukina/.m2/repository/org/openjfx/javafx-controls/17.0.2/javafx-controls-17.0.2.jar:/Users/tsukina/.m2/repository/org/openjfx/javafx-controls/17.0.2/javafx-controls-17.0.2-mac-aarch64.jar:/Users/tsukina/.m2/repository/org/openjfx/javafx-fxml/17.0.2/javafx-fxml-17.0.2.jar:/Users/tsukina/.m2/repository/org/openjfx/javafx-fxml/17.0.2/javafx-fxml-17.0.2-mac-aarch64.jar:/Users/tsukina/.m2/repository/org/openjfx/javafx-graphics/17.0.2/javafx-graphics-17.0.2.jar:/Users/tsukina/.m2/repository/org/openjfx/javafx-graphics/17.0.2/javafx-graphics-17.0.2-mac-aarch64.jar:/Users/tsukina/.m2/repository/org/openjfx/javafx-media/17.0.2/javafx-media-17.0.2.jar:/Users/tsukina/.m2/repository/org/openjfx/javafx-media/17.0.2/javafx-media-17.0.2-mac-aarch64.jar:/Users/tsukina/.m2/repository/org/openjfx/javafx-base/17.0.2/javafx-base-17.0.2.jar:/Users/tsukina/.m2/repository/org/openjfx/javafx-base/17.0.2/javafx-base-17.0.2-mac-aarch64.jar:/Users/tsukina/.m2/repository/org/slf4j/slf4j-api/2.0.9/slf4j-api-2.0.9.jar:/Users/tsukina/.m2/repository/ch/qos/logback/logback-classic/1.4.11/logback-classic-1.4.11.jar:/Users/tsukina/.m2/repository/ch/qos/logback/logback-core/1.4.11/logback-core-1.4.11.jar:/Users/tsukina/.m2/repository/org/junit/jupiter/junit-jupiter-api/5.10.0/junit-jupiter-api-5.10.0.jar:/Users/tsukina/.m2/repository/org/opentest4j/opentest4j/1.3.0/opentest4j-1.3.0.jar:/Users/tsukina/.m2/repository/org/junit/platform/junit-platform-commons/1.10.0/junit-platform-commons-1.10.0.jar:/Users/tsukina/.m2/repository/org/apiguardian/apiguardian-api/1.1.2/apiguardian-api-1.1.2.jar:/Users/tsukina/.m2/repository/org/junit/jupiter/junit-jupiter-engine/5.10.0/junit-jupiter-engine-5.10.0.jar:/Users/tsukina/.m2/repository/org/junit/platform/junit-platform-engine/1.10.0/junit-platform-engine-1.10.0.jar:/Users/tsukina/.m2/repository/org/mockito/mockito-core/5.5.0/mockito-core-5.5.0.jar:/Users/tsukina/.m2/repository/net/bytebuddy/byte-buddy/1.14.6/byte-buddy-1.14.6.jar:/Users/tsukina/.m2/repository/net/bytebuddy/byte-buddy-agent/1.14.6/byte-buddy-agent-1.14.6.jar:/Users/tsukina/.m2/repository/org/objenesis/objenesis/3.3/objenesis-3.3.jar:"/>
    <property name="sun.cpu.endian" value="little"/>
    <property name="user.home" value="/Users/tsukina"/>
    <property name="user.language" value="th"/>
    <property name="java.specification.vendor" value="Oracle Corporation"/>
    <property name="java.version.date" value="2025-04-15"/>
    <property name="java.home" value="/Library/Java/JavaVirtualMachines/jdk-21.jdk/Contents/Home"/>
    <property name="file.separator" value="/"/>
    <property name="basedir" value="/Users/tsukina/Downloads/ADV-PROJECT2-Test-main/contra"/>
    <property name="java.vm.compressedOopsMode" value="Zero based"/>
    <property name="line.separator" value="&#10;"/>
    <property name="java.vm.specification.vendor" value="Oracle Corporation"/>
    <property name="java.specification.name" value="Java Platform API Specification"/>
    <property name="apple.awt.application.name" value="ForkedBooter"/>
    <property name="surefire.real.class.path" value="/Users/tsukina/Downloads/ADV-PROJECT2-Test-main/contra/target/surefire/surefirebooter-20251016113539391_3.jar"/>
    <property name="sun.management.compiler" value="HotSpot 64-Bit Tiered Compilers"/>
    <property name="ftp.nonProxyHosts" value="local|*.local|169.254/16|*.169.254/16"/>
    <property name="java.runtime.version" value="21.0.7+8-LTS-245"/>
    <property name="user.name" value="tsukina"/>
    <property name="stdout.encoding" value="UTF-8"/>
    <property name="path.separator" value=":"/>
    <property name="os.version" value="15.1"/>
    <property name="java.runtime.name" value="Java(TM) SE Runtime Environment"/>
    <property name="file.encoding" value="UTF-8"/>
    <property name="java.vm.name" value="Java HotSpot(TM) 64-Bit Server VM"/>
    <property name="localRepository" value="/Users/tsukina/.m2/repository"/>
    <property name="java.vendor.url.bug" value="https://bugreport.java.com/bugreport/"/>
    <property name="java.io.tmpdir" value="/var/folders/th/hx1hsxt96h94gpgv7thyk72r0000gn/T/"/>
    <property name="idea.version" value="2025.1.3"/>
    <property name="java.version" value="21.0.7"/>
    <property name="user.dir" value="/Users/tsukina/Downloads/ADV-PROJECT2-Test-main/contra"/>
    <property name="os.arch" value="aarch64"/>
    <property name="java.vm.specification.name" value="Java Virtual Machine Specification"/>
    <property name="native.encoding" value="UTF-8"/>
    <property name="java.library.path" value="/Users/tsukina/Library/Java/Extensions:/Library/Java/Extensions:/Network/Library/Java/Extensions:/System/Library/Java/Extensions:/usr/lib/java:."/>
    <property name="java.vm.info" value="mixed mode, sharing"/>
    <property name="stderr.encoding" value="UTF-8"/>
    <property name="java.vendor" value="Oracle Corporation"/>
    <property name="java.vm.version" value="21.0.7+8-LTS-245"/>
    <property name="sun.io.unicode.encoding" value="UnicodeBig"/>
    <property name="socksNonProxyHosts" value="local|*.local|169.254/16|*.169.254/16"/>
    <property name="java.class.version" value="65.0"/>
  </properties>
  <testcase name="testMultipleScoreAdditions" classname="se233.contra.model.ScoringTest" time="0.001">
    <system-out><![CDATA[11:35:39.827 [main] WARN  se233.contra.view.SpriteLoader - SpriteLoader already initialized
11:35:39.827 [main] INFO  se233.contra.model.Player - Player created at (100.0, 618.0) with Rifle
11:35:39.827 [main] DEBUG se233.contra.model.Player - Score +100 = 100
11:35:39.827 [main] DEBUG se233.contra.model.Player - Score +200 = 300
11:35:39.828 [main] DEBUG se233.contra.model.Player - Score +50 = 350
]]></system-out>
  </testcase>
  <testcase name="testScorePersistsUntilDeath" classname="se233.contra.model.ScoringTest" time="0.0">
    <system-out><![CDATA[11:35:39.828 [main] WARN  se233.contra.view.SpriteLoader - SpriteLoader already initialized
11:35:39.828 [main] INFO  se233.contra.model.Player - Player created at (100.0, 618.0) with Rifle
11:35:39.828 [main] DEBUG se233.contra.model.Player - Score +1000 = 1000
11:35:39.828 [main] INFO  se233.contra.model.Player - Player hit! Lives remaining: 2
11:35:39.828 [main] INFO  se233.contra.model.Player - Player hit! Lives remaining: 1
11:35:39.828 [main] INFO  se233.contra.model.Player - Player hit! Lives remaining: 0
11:35:39.828 [main] INFO  se233.contra.model.Player - Player died! Final score: 1000
]]></system-out>
  </testcase>
  <testcase name="testBossDefeatScore" classname="se233.contra.model.ScoringTest" time="0.0">
    <system-out><![CDATA[11:35:39.829 [main] WARN  se233.contra.view.SpriteLoader - SpriteLoader already initialized
11:35:39.829 [main] INFO  se233.contra.model.Player - Player created at (100.0, 618.0) with Rifle
11:35:39.829 [main] DEBUG se233.contra.model.Player - Score +10000 = 10000
]]></system-out>
  </testcase>
  <testcase name="testScorePersistsThroughDamage" classname="se233.contra.model.ScoringTest" time="0.001">
    <system-out><![CDATA[11:35:39.829 [main] WARN  se233.contra.view.SpriteLoader - SpriteLoader already initialized
11:35:39.830 [main] INFO  se233.contra.model.Player - Player created at (100.0, 618.0) with Rifle
11:35:39.830 [main] DEBUG se233.contra.model.Player - Score +500 = 500
11:35:39.830 [main] INFO  se233.contra.model.Player - Player hit! Lives remaining: 2
]]></system-out>
  </testcase>
  <testcase name="testCannonDestroyScore" classname="se233.contra.model.ScoringTest" time="0.001">
    <system-out><![CDATA[11:35:39.830 [main] WARN  se233.contra.view.SpriteLoader - SpriteLoader already initialized
11:35:39.830 [main] INFO  se233.contra.model.Player - Player created at (100.0, 618.0) with Rifle
11:35:39.831 [main] DEBUG se233.contra.model.Player - Score +500 = 500
]]></system-out>
  </testcase>
  <testcase name="testAddScore" classname="se233.contra.model.ScoringTest" time="0.0">
    <system-out><![CDATA[11:35:39.831 [main] WARN  se233.contra.view.SpriteLoader - SpriteLoader already initialized
11:35:39.831 [main] INFO  se233.contra.model.Player - Player created at (100.0, 618.0) with Rifle
11:35:39.831 [main] DEBUG se233.contra.model.Player - Score +100 = 100
]]></system-out>
  </testcase>
  <testcase name="testLargeScoreAccumulation" classname="se233.contra.model.ScoringTest" time="0.007">
    <system-out><![CDATA[11:35:39.831 [main] WARN  se233.contra.view.SpriteLoader - SpriteLoader already initialized
11:35:39.832 [main] INFO  se233.contra.model.Player - Player created at (100.0, 618.0) with Rifle
11:35:39.832 [main] DEBUG se233.contra.model.Player - Score +100 = 100
11:35:39.832 [main] DEBUG se233.contra.model.Player - Score +100 = 200
11:35:39.832 [main] DEBUG se233.contra.model.Player - Score +100 = 300
11:35:39.832 [main] DEBUG se233.contra.model.Player - Score +100 = 400
11:35:39.832 [main] DEBUG se233.contra.model.Player - Score +100 = 500
11:35:39.832 [main] DEBUG se233.contra.model.Player - Score +100 = 600
11:35:39.832 [main] DEBUG se233.contra.model.Player - Score +100 = 700
11:35:39.832 [main] DEBUG se233.contra.model.Player - Score +100 = 800
11:35:39.832 [main] DEBUG se233.contra.model.Player - Score +100 = 900
11:35:39.832 [main] DEBUG se233.contra.model.Player - Score +100 = 1000
11:35:39.832 [main] DEBUG se233.contra.model.Player - Score +100 = 1100
11:35:39.832 [main] DEBUG se233.contra.model.Player - Score +100 = 1200
11:35:39.832 [main] DEBUG se233.contra.model.Player - Score +100 = 1300
11:35:39.832 [main] DEBUG se233.contra.model.Player - Score +100 = 1400
11:35:39.832 [main] DEBUG se233.contra.model.Player - Score +100 = 1500
11:35:39.832 [main] DEBUG se233.contra.model.Player - Score +100 = 1600
11:35:39.832 [main] DEBUG se233.contra.model.Player - Score +100 = 1700
11:35:39.832 [main] DEBUG se233.contra.model.Player - Score +100 = 1800
11:35:39.832 [main] DEBUG se233.contra.model.Player - Score +100 = 1900
11:35:39.832 [main] DEBUG se233.contra.model.Player - Score +100 = 2000
11:35:39.832 [main] DEBUG se233.contra.model.Player - Score +100 = 2100
11:35:39.832 [main] DEBUG se233.contra.model.Player - Score +100 = 2200
11:35:39.832 [main] DEBUG se233.contra.model.Player - Score +100 = 2300
11:35:39.832 [main] DEBUG se233.contra.model.Player - Score +100 = 2400
11:35:39.832 [main] DEBUG se233.contra.model.Player - Score +100 = 2500
11:35:39.832 [main] DEBUG se233.contra.model.Player - Score +100 = 2600
11:35:39.832 [main] DEBUG se233.contra.model.Player - Score +100 = 2700
11:35:39.832 [main] DEBUG se233.contra.model.Player - Score +100 = 2800
11:35:39.832 [main] DEBUG se233.contra.model.Player - Score +100 = 2900
11:35:39.832 [main] DEBUG se233.contra.model.Player - Score +100 = 3000
11:35:39.832 [main] DEBUG se233.contra.model.Player - Score +100 = 3100
11:35:39.832 [main] DEBUG se233.contra.model.Player - Score +100 = 3200
11:35:39.832 [main] DEBUG se233.contra.model.Player - Score +100 = 3300
11:35:39.832 [main] DEBUG se233.contra.model.Player - Score +100 = 3400
11:35:39.832 [main] DEBUG se233.contra.model.Player - Score +100 = 3500
11:35:39.832 [main] DEBUG se233.contra.model.Player - Score +100 = 3600
11:35:39.832 [main] DEBUG se233.contra.model.Player - Score +100 = 3700
11:35:39.832 [main] DEBUG se233.contra.model.Player - Score +100 = 3800
11:35:39.832 [main] DEBUG se233.contra.model.Player - Score +100 = 3900
11:35:39.832 [main] DEBUG se233.contra.model.Player - Score +100 = 4000
11:35:39.832 [main] DEBUG se233.contra.model.Player - Score +100 = 4100
11:35:39.832 [main] DEBUG se233.contra.model.Player - Score +100 = 4200
11:35:39.832 [main] DEBUG se233.contra.model.Player - Score +100 = 4300
11:35:39.832 [main] DEBUG se233.contra.model.Player - Score +100 = 4400
11:35:39.832 [main] DEBUG se233.contra.model.Player - Score +100 = 4500
11:35:39.832 [main] DEBUG se233.contra.model.Player - Score +100 = 4600
11:35:39.832 [main] DEBUG se233.contra.model.Player - Score +100 = 4700
11:35:39.832 [main] DEBUG se233.contra.model.Player - Score +100 = 4800
11:35:39.832 [main] DEBUG se233.contra.model.Player - Score +100 = 4900
11:35:39.832 [main] DEBUG se233.contra.model.Player - Score +100 = 5000
11:35:39.832 [main] DEBUG se233.contra.model.Player - Score +100 = 5100
11:35:39.832 [main] DEBUG se233.contra.model.Player - Score +100 = 5200
11:35:39.832 [main] DEBUG se233.contra.model.Player - Score +100 = 5300
11:35:39.832 [main] DEBUG se233.contra.model.Player - Score +100 = 5400
11:35:39.832 [main] DEBUG se233.contra.model.Player - Score +100 = 5500
11:35:39.832 [main] DEBUG se233.contra.model.Player - Score +100 = 5600
11:35:39.832 [main] DEBUG se233.contra.model.Player - Score +100 = 5700
11:35:39.832 [main] DEBUG se233.contra.model.Player - Score +100 = 5800
11:35:39.832 [main] DEBUG se233.contra.model.Player - Score +100 = 5900
11:35:39.832 [main] DEBUG se233.contra.model.Player - Score +100 = 6000
11:35:39.832 [main] DEBUG se233.contra.model.Player - Score +100 = 6100
11:35:39.832 [main] DEBUG se233.contra.model.Player - Score +100 = 6200
11:35:39.832 [main] DEBUG se233.contra.model.Player - Score +100 = 6300
11:35:39.832 [main] DEBUG se233.contra.model.Player - Score +100 = 6400
11:35:39.832 [main] DEBUG se233.contra.model.Player - Score +100 = 6500
11:35:39.833 [main] DEBUG se233.contra.model.Player - Score +100 = 6600
11:35:39.833 [main] DEBUG se233.contra.model.Player - Score +100 = 6700
11:35:39.833 [main] DEBUG se233.contra.model.Player - Score +100 = 6800
11:35:39.833 [main] DEBUG se233.contra.model.Player - Score +100 = 6900
11:35:39.833 [main] DEBUG se233.contra.model.Player - Score +100 = 7000
11:35:39.833 [main] DEBUG se233.contra.model.Player - Score +100 = 7100
11:35:39.833 [main] DEBUG se233.contra.model.Player - Score +100 = 7200
11:35:39.833 [main] DEBUG se233.contra.model.Player - Score +100 = 7300
11:35:39.833 [main] DEBUG se233.contra.model.Player - Score +100 = 7400
11:35:39.833 [main] DEBUG se233.contra.model.Player - Score +100 = 7500
11:35:39.833 [main] DEBUG se233.contra.model.Player - Score +100 = 7600
11:35:39.833 [main] DEBUG se233.contra.model.Player - Score +100 = 7700
11:35:39.833 [main] DEBUG se233.contra.model.Player - Score +100 = 7800
11:35:39.833 [main] DEBUG se233.contra.model.Player - Score +100 = 7900
11:35:39.833 [main] DEBUG se233.contra.model.Player - Score +100 = 8000
11:35:39.833 [main] DEBUG se233.contra.model.Player - Score +100 = 8100
11:35:39.833 [main] DEBUG se233.contra.model.Player - Score +100 = 8200
11:35:39.833 [main] DEBUG se233.contra.model.Player - Score +100 = 8300
11:35:39.833 [main] DEBUG se233.contra.model.Player - Score +100 = 8400
11:35:39.833 [main] DEBUG se233.contra.model.Player - Score +100 = 8500
11:35:39.833 [main] DEBUG se233.contra.model.Player - Score +100 = 8600
11:35:39.833 [main] DEBUG se233.contra.model.Player - Score +100 = 8700
11:35:39.833 [main] DEBUG se233.contra.model.Player - Score +100 = 8800
11:35:39.833 [main] DEBUG se233.contra.model.Player - Score +100 = 8900
11:35:39.833 [main] DEBUG se233.contra.model.Player - Score +100 = 9000
11:35:39.833 [main] DEBUG se233.contra.model.Player - Score +100 = 9100
11:35:39.833 [main] DEBUG se233.contra.model.Player - Score +100 = 9200
11:35:39.833 [main] DEBUG se233.contra.model.Player - Score +100 = 9300
11:35:39.833 [main] DEBUG se233.contra.model.Player - Score +100 = 9400
11:35:39.833 [main] DEBUG se233.contra.model.Player - Score +100 = 9500
11:35:39.833 [main] DEBUG se233.contra.model.Player - Score +100 = 9600
11:35:39.833 [main] DEBUG se233.contra.model.Player - Score +100 = 9700
11:35:39.833 [main] DEBUG se233.contra.model.Player - Score +100 = 9800
11:35:39.833 [main] DEBUG se233.contra.model.Player - Score +100 = 9900
11:35:39.833 [main] DEBUG se233.contra.model.Player - Score +100 = 10000
11:35:39.833 [main] DEBUG se233.contra.model.Player - Score +100 = 10100
11:35:39.833 [main] DEBUG se233.contra.model.Player - Score +100 = 10200
11:35:39.833 [main] DEBUG se233.contra.model.Player - Score +100 = 10300
11:35:39.833 [main] DEBUG se233.contra.model.Player - Score +100 = 10400
11:35:39.833 [main] DEBUG se233.contra.model.Player - Score +100 = 10500
11:35:39.833 [main] DEBUG se233.contra.model.Player - Score +100 = 10600
11:35:39.833 [main] DEBUG se233.contra.model.Player - Score +100 = 10700
11:35:39.833 [main] DEBUG se233.contra.model.Player - Score +100 = 10800
11:35:39.833 [main] DEBUG se233.contra.model.Player - Score +100 = 10900
11:35:39.833 [main] DEBUG se233.contra.model.Player - Score +100 = 11000
11:35:39.833 [main] DEBUG se233.contra.model.Player - Score +100 = 11100
11:35:39.833 [main] DEBUG se233.contra.model.Player - Score +100 = 11200
11:35:39.833 [main] DEBUG se233.contra.model.Player - Score +100 = 11300
11:35:39.833 [main] DEBUG se233.contra.model.Player - Score +100 = 11400
11:35:39.833 [main] DEBUG se233.contra.model.Player - Score +100 = 11500
11:35:39.833 [main] DEBUG se233.contra.model.Player - Score +100 = 11600
11:35:39.833 [main] DEBUG se233.contra.model.Player - Score +100 = 11700
11:35:39.833 [main] DEBUG se233.contra.model.Player - Score +100 = 11800
11:35:39.833 [main] DEBUG se233.contra.model.Player - Score +100 = 11900
11:35:39.833 [main] DEBUG se233.contra.model.Player - Score +100 = 12000
11:35:39.833 [main] DEBUG se233.contra.model.Player - Score +100 = 12100
11:35:39.833 [main] DEBUG se233.contra.model.Player - Score +100 = 12200
11:35:39.833 [main] DEBUG se233.contra.model.Player - Score +100 = 12300
11:35:39.833 [main] DEBUG se233.contra.model.Player - Score +100 = 12400
11:35:39.833 [main] DEBUG se233.contra.model.Player - Score +100 = 12500
11:35:39.833 [main] DEBUG se233.contra.model.Player - Score +100 = 12600
11:35:39.833 [main] DEBUG se233.contra.model.Player - Score +100 = 12700
11:35:39.833 [main] DEBUG se233.contra.model.Player - Score +100 = 12800
11:35:39.833 [main] DEBUG se233.contra.model.Player - Score +100 = 12900
11:35:39.833 [main] DEBUG se233.contra.model.Player - Score +100 = 13000
11:35:39.833 [main] DEBUG se233.contra.model.Player - Score +100 = 13100
11:35:39.833 [main] DEBUG se233.contra.model.Player - Score +100 = 13200
11:35:39.833 [main] DEBUG se233.contra.model.Player - Score +100 = 13300
11:35:39.833 [main] DEBUG se233.contra.model.Player - Score +100 = 13400
11:35:39.833 [main] DEBUG se233.contra.model.Player - Score +100 = 13500
11:35:39.833 [main] DEBUG se233.contra.model.Player - Score +100 = 13600
11:35:39.833 [main] DEBUG se233.contra.model.Player - Score +100 = 13700
11:35:39.833 [main] DEBUG se233.contra.model.Player - Score +100 = 13800
11:35:39.833 [main] DEBUG se233.contra.model.Player - Score +100 = 13900
11:35:39.833 [main] DEBUG se233.contra.model.Player - Score +100 = 14000
11:35:39.833 [main] DEBUG se233.contra.model.Player - Score +100 = 14100
11:35:39.834 [main] DEBUG se233.contra.model.Player - Score +100 = 14200
11:35:39.834 [main] DEBUG se233.contra.model.Player - Score +100 = 14300
11:35:39.834 [main] DEBUG se233.contra.model.Player - Score +100 = 14400
11:35:39.834 [main] DEBUG se233.contra.model.Player - Score +100 = 14500
11:35:39.834 [main] DEBUG se233.contra.model.Player - Score +100 = 14600
11:35:39.834 [main] DEBUG se233.contra.model.Player - Score +100 = 14700
11:35:39.834 [main] DEBUG se233.contra.model.Player - Score +100 = 14800
11:35:39.834 [main] DEBUG se233.contra.model.Player - Score +100 = 14900
11:35:39.834 [main] DEBUG se233.contra.model.Player - Score +100 = 15000
11:35:39.834 [main] DEBUG se233.contra.model.Player - Score +100 = 15100
11:35:39.834 [main] DEBUG se233.contra.model.Player - Score +100 = 15200
11:35:39.834 [main] DEBUG se233.contra.model.Player - Score +100 = 15300
11:35:39.834 [main] DEBUG se233.contra.model.Player - Score +100 = 15400
11:35:39.834 [main] DEBUG se233.contra.model.Player - Score +100 = 15500
11:35:39.834 [main] DEBUG se233.contra.model.Player - Score +100 = 15600
11:35:39.834 [main] DEBUG se233.contra.model.Player - Score +100 = 15700
11:35:39.834 [main] DEBUG se233.contra.model.Player - Score +100 = 15800
11:35:39.834 [main] DEBUG se233.contra.model.Player - Score +100 = 15900
11:35:39.834 [main] DEBUG se233.contra.model.Player - Score +100 = 16000
11:35:39.834 [main] DEBUG se233.contra.model.Player - Score +100 = 16100
11:35:39.834 [main] DEBUG se233.contra.model.Player - Score +100 = 16200
11:35:39.834 [main] DEBUG se233.contra.model.Player - Score +100 = 16300
11:35:39.834 [main] DEBUG se233.contra.model.Player - Score +100 = 16400
11:35:39.834 [main] DEBUG se233.contra.model.Player - Score +100 = 16500
11:35:39.834 [main] DEBUG se233.contra.model.Player - Score +100 = 16600
11:35:39.834 [main] DEBUG se233.contra.model.Player - Score +100 = 16700
11:35:39.834 [main] DEBUG se233.contra.model.Player - Score +100 = 16800
11:35:39.834 [main] DEBUG se233.contra.model.Player - Score +100 = 16900
11:35:39.834 [main] DEBUG se233.contra.model.Player - Score +100 = 17000
11:35:39.834 [main] DEBUG se233.contra.model.Player - Score +100 = 17100
11:35:39.834 [main] DEBUG se233.contra.model.Player - Score +100 = 17200
11:35:39.834 [main] DEBUG se233.contra.model.Player - Score +100 = 17300
11:35:39.834 [main] DEBUG se233.contra.model.Player - Score +100 = 17400
11:35:39.834 [main] DEBUG se233.contra.model.Player - Score +100 = 17500
11:35:39.834 [main] DEBUG se233.contra.model.Player - Score +100 = 17600
11:35:39.834 [main] DEBUG se233.contra.model.Player - Score +100 = 17700
11:35:39.834 [main] DEBUG se233.contra.model.Player - Score +100 = 17800
11:35:39.834 [main] DEBUG se233.contra.model.Player - Score +100 = 17900
11:35:39.834 [main] DEBUG se233.contra.model.Player - Score +100 = 18000
11:35:39.834 [main] DEBUG se233.contra.model.Player - Score +100 = 18100
11:35:39.834 [main] DEBUG se233.contra.model.Player - Score +100 = 18200
11:35:39.834 [main] DEBUG se233.contra.model.Player - Score +100 = 18300
11:35:39.834 [main] DEBUG se233.contra.model.Player - Score +100 = 18400
11:35:39.834 [main] DEBUG se233.contra.model.Player - Score +100 = 18500
11:35:39.834 [main] DEBUG se233.contra.model.Player - Score +100 = 18600
11:35:39.834 [main] DEBUG se233.contra.model.Player - Score +100 = 18700
11:35:39.834 [main] DEBUG se233.contra.model.Player - Score +100 = 18800
11:35:39.834 [main] DEBUG se233.contra.model.Player - Score +100 = 18900
11:35:39.834 [main] DEBUG se233.contra.model.Player - Score +100 = 19000
11:35:39.834 [main] DEBUG se233.contra.model.Player - Score +100 = 19100
11:35:39.834 [main] DEBUG se233.contra.model.Player - Score +100 = 19200
11:35:39.834 [main] DEBUG se233.contra.model.Player - Score +100 = 19300
11:35:39.834 [main] DEBUG se233.contra.model.Player - Score +100 = 19400
11:35:39.834 [main] DEBUG se233.contra.model.Player - Score +100 = 19500
11:35:39.834 [main] DEBUG se233.contra.model.Player - Score +100 = 19600
11:35:39.834 [main] DEBUG se233.contra.model.Player - Score +100 = 19700
11:35:39.834 [main] DEBUG se233.contra.model.Player - Score +100 = 19800
11:35:39.834 [main] DEBUG se233.contra.model.Player - Score +100 = 19900
11:35:39.834 [main] DEBUG se233.contra.model.Player - Score +100 = 20000
11:35:39.834 [main] DEBUG se233.contra.model.Player - Score +100 = 20100
11:35:39.834 [main] DEBUG se233.contra.model.Player - Score +100 = 20200
11:35:39.834 [main] DEBUG se233.contra.model.Player - Score +100 = 20300
11:35:39.834 [main] DEBUG se233.contra.model.Player - Score +100 = 20400
11:35:39.834 [main] DEBUG se233.contra.model.Player - Score +100 = 20500
11:35:39.834 [main] DEBUG se233.contra.model.Player - Score +100 = 20600
11:35:39.834 [main] DEBUG se233.contra.model.Player - Score +100 = 20700
11:35:39.834 [main] DEBUG se233.contra.model.Player - Score +100 = 20800
11:35:39.834 [main] DEBUG se233.contra.model.Player - Score +100 = 20900
11:35:39.834 [main] DEBUG se233.contra.model.Player - Score +100 = 21000
11:35:39.834 [main] DEBUG se233.contra.model.Player - Score +100 = 21100
11:35:39.834 [main] DEBUG se233.contra.model.Player - Score +100 = 21200
11:35:39.834 [main] DEBUG se233.contra.model.Player - Score +100 = 21300
11:35:39.834 [main] DEBUG se233.contra.model.Player - Score +100 = 21400
11:35:39.835 [main] DEBUG se233.contra.model.Player - Score +100 = 21500
11:35:39.835 [main] DEBUG se233.contra.model.Player - Score +100 = 21600
11:35:39.835 [main] DEBUG se233.contra.model.Player - Score +100 = 21700
11:35:39.835 [main] DEBUG se233.contra.model.Player - Score +100 = 21800
11:35:39.835 [main] DEBUG se233.contra.model.Player - Score +100 = 21900
11:35:39.835 [main] DEBUG se233.contra.model.Player - Score +100 = 22000
11:35:39.835 [main] DEBUG se233.contra.model.Player - Score +100 = 22100
11:35:39.835 [main] DEBUG se233.contra.model.Player - Score +100 = 22200
11:35:39.835 [main] DEBUG se233.contra.model.Player - Score +100 = 22300
11:35:39.835 [main] DEBUG se233.contra.model.Player - Score +100 = 22400
11:35:39.835 [main] DEBUG se233.contra.model.Player - Score +100 = 22500
11:35:39.835 [main] DEBUG se233.contra.model.Player - Score +100 = 22600
11:35:39.835 [main] DEBUG se233.contra.model.Player - Score +100 = 22700
11:35:39.835 [main] DEBUG se233.contra.model.Player - Score +100 = 22800
11:35:39.835 [main] DEBUG se233.contra.model.Player - Score +100 = 22900
11:35:39.835 [main] DEBUG se233.contra.model.Player - Score +100 = 23000
11:35:39.835 [main] DEBUG se233.contra.model.Player - Score +100 = 23100
11:35:39.835 [main] DEBUG se233.contra.model.Player - Score +100 = 23200
11:35:39.835 [main] DEBUG se233.contra.model.Player - Score +100 = 23300
11:35:39.835 [main] DEBUG se233.contra.model.Player - Score +100 = 23400
11:35:39.835 [main] DEBUG se233.contra.model.Player - Score +100 = 23500
11:35:39.835 [main] DEBUG se233.contra.model.Player - Score +100 = 23600
11:35:39.835 [main] DEBUG se233.contra.model.Player - Score +100 = 23700
11:35:39.835 [main] DEBUG se233.contra.model.Player - Score +100 = 23800
11:35:39.835 [main] DEBUG se233.contra.model.Player - Score +100 = 23900
11:35:39.835 [main] DEBUG se233.contra.model.Player - Score +100 = 24000
11:35:39.835 [main] DEBUG se233.contra.model.Player - Score +100 = 24100
11:35:39.835 [main] DEBUG se233.contra.model.Player - Score +100 = 24200
11:35:39.835 [main] DEBUG se233.contra.model.Player - Score +100 = 24300
11:35:39.835 [main] DEBUG se233.contra.model.Player - Score +100 = 24400
11:35:39.835 [main] DEBUG se233.contra.model.Player - Score +100 = 24500
11:35:39.835 [main] DEBUG se233.contra.model.Player - Score +100 = 24600
11:35:39.835 [main] DEBUG se233.contra.model.Player - Score +100 = 24700
11:35:39.835 [main] DEBUG se233.contra.model.Player - Score +100 = 24800
11:35:39.835 [main] DEBUG se233.contra.model.Player - Score +100 = 24900
11:35:39.835 [main] DEBUG se233.contra.model.Player - Score +100 = 25000
11:35:39.835 [main] DEBUG se233.contra.model.Player - Score +100 = 25100
11:35:39.835 [main] DEBUG se233.contra.model.Player - Score +100 = 25200
11:35:39.835 [main] DEBUG se233.contra.model.Player - Score +100 = 25300
11:35:39.835 [main] DEBUG se233.contra.model.Player - Score +100 = 25400
11:35:39.835 [main] DEBUG se233.contra.model.Player - Score +100 = 25500
11:35:39.835 [main] DEBUG se233.contra.model.Player - Score +100 = 25600
11:35:39.835 [main] DEBUG se233.contra.model.Player - Score +100 = 25700
11:35:39.835 [main] DEBUG se233.contra.model.Player - Score +100 = 25800
11:35:39.835 [main] DEBUG se233.contra.model.Player - Score +100 = 25900
11:35:39.835 [main] DEBUG se233.contra.model.Player - Score +100 = 26000
11:35:39.835 [main] DEBUG se233.contra.model.Player - Score +100 = 26100
11:35:39.835 [main] DEBUG se233.contra.model.Player - Score +100 = 26200
11:35:39.835 [main] DEBUG se233.contra.model.Player - Score +100 = 26300
11:35:39.835 [main] DEBUG se233.contra.model.Player - Score +100 = 26400
11:35:39.835 [main] DEBUG se233.contra.model.Player - Score +100 = 26500
11:35:39.835 [main] DEBUG se233.contra.model.Player - Score +100 = 26600
11:35:39.835 [main] DEBUG se233.contra.model.Player - Score +100 = 26700
11:35:39.835 [main] DEBUG se233.contra.model.Player - Score +100 = 26800
11:35:39.835 [main] DEBUG se233.contra.model.Player - Score +100 = 26900
11:35:39.835 [main] DEBUG se233.contra.model.Player - Score +100 = 27000
11:35:39.835 [main] DEBUG se233.contra.model.Player - Score +100 = 27100
11:35:39.835 [main] DEBUG se233.contra.model.Player - Score +100 = 27200
11:35:39.835 [main] DEBUG se233.contra.model.Player - Score +100 = 27300
11:35:39.835 [main] DEBUG se233.contra.model.Player - Score +100 = 27400
11:35:39.835 [main] DEBUG se233.contra.model.Player - Score +100 = 27500
11:35:39.835 [main] DEBUG se233.contra.model.Player - Score +100 = 27600
11:35:39.835 [main] DEBUG se233.contra.model.Player - Score +100 = 27700
11:35:39.835 [main] DEBUG se233.contra.model.Player - Score +100 = 27800
11:35:39.835 [main] DEBUG se233.contra.model.Player - Score +100 = 27900
11:35:39.835 [main] DEBUG se233.contra.model.Player - Score +100 = 28000
11:35:39.835 [main] DEBUG se233.contra.model.Player - Score +100 = 28100
11:35:39.835 [main] DEBUG se233.contra.model.Player - Score +100 = 28200
11:35:39.836 [main] DEBUG se233.contra.model.Player - Score +100 = 28300
11:35:39.836 [main] DEBUG se233.contra.model.Player - Score +100 = 28400
11:35:39.836 [main] DEBUG se233.contra.model.Player - Score +100 = 28500
11:35:39.836 [main] DEBUG se233.contra.model.Player - Score +100 = 28600
11:35:39.836 [main] DEBUG se233.contra.model.Player - Score +100 = 28700
11:35:39.836 [main] DEBUG se233.contra.model.Player - Score +100 = 28800
11:35:39.836 [main] DEBUG se233.contra.model.Player - Score +100 = 28900
11:35:39.836 [main] DEBUG se233.contra.model.Player - Score +100 = 29000
11:35:39.836 [main] DEBUG se233.contra.model.Player - Score +100 = 29100
11:35:39.836 [main] DEBUG se233.contra.model.Player - Score +100 = 29200
11:35:39.836 [main] DEBUG se233.contra.model.Player - Score +100 = 29300
11:35:39.836 [main] DEBUG se233.contra.model.Player - Score +100 = 29400
11:35:39.836 [main] DEBUG se233.contra.model.Player - Score +100 = 29500
11:35:39.836 [main] DEBUG se233.contra.model.Player - Score +100 = 29600
11:35:39.836 [main] DEBUG se233.contra.model.Player - Score +100 = 29700
11:35:39.836 [main] DEBUG se233.contra.model.Player - Score +100 = 29800
11:35:39.836 [main] DEBUG se233.contra.model.Player - Score +100 = 29900
11:35:39.836 [main] DEBUG se233.contra.model.Player - Score +100 = 30000
11:35:39.836 [main] DEBUG se233.contra.model.Player - Score +100 = 30100
11:35:39.836 [main] DEBUG se233.contra.model.Player - Score +100 = 30200
11:35:39.836 [main] DEBUG se233.contra.model.Player - Score +100 = 30300
11:35:39.836 [main] DEBUG se233.contra.model.Player - Score +100 = 30400
11:35:39.836 [main] DEBUG se233.contra.model.Player - Score +100 = 30500
11:35:39.836 [main] DEBUG se233.contra.model.Player - Score +100 = 30600
11:35:39.836 [main] DEBUG se233.contra.model.Player - Score +100 = 30700
11:35:39.836 [main] DEBUG se233.contra.model.Player - Score +100 = 30800
11:35:39.836 [main] DEBUG se233.contra.model.Player - Score +100 = 30900
11:35:39.836 [main] DEBUG se233.contra.model.Player - Score +100 = 31000
11:35:39.836 [main] DEBUG se233.contra.model.Player - Score +100 = 31100
11:35:39.836 [main] DEBUG se233.contra.model.Player - Score +100 = 31200
11:35:39.836 [main] DEBUG se233.contra.model.Player - Score +100 = 31300
11:35:39.836 [main] DEBUG se233.contra.model.Player - Score +100 = 31400
11:35:39.836 [main] DEBUG se233.contra.model.Player - Score +100 = 31500
11:35:39.836 [main] DEBUG se233.contra.model.Player - Score +100 = 31600
11:35:39.836 [main] DEBUG se233.contra.model.Player - Score +100 = 31700
11:35:39.836 [main] DEBUG se233.contra.model.Player - Score +100 = 31800
11:35:39.836 [main] DEBUG se233.contra.model.Player - Score +100 = 31900
11:35:39.836 [main] DEBUG se233.contra.model.Player - Score +100 = 32000
11:35:39.836 [main] DEBUG se233.contra.model.Player - Score +100 = 32100
11:35:39.836 [main] DEBUG se233.contra.model.Player - Score +100 = 32200
11:35:39.836 [main] DEBUG se233.contra.model.Player - Score +100 = 32300
11:35:39.836 [main] DEBUG se233.contra.model.Player - Score +100 = 32400
11:35:39.836 [main] DEBUG se233.contra.model.Player - Score +100 = 32500
11:35:39.836 [main] DEBUG se233.contra.model.Player - Score +100 = 32600
11:35:39.836 [main] DEBUG se233.contra.model.Player - Score +100 = 32700
11:35:39.836 [main] DEBUG se233.contra.model.Player - Score +100 = 32800
11:35:39.836 [main] DEBUG se233.contra.model.Player - Score +100 = 32900
11:35:39.836 [main] DEBUG se233.contra.model.Player - Score +100 = 33000
11:35:39.836 [main] DEBUG se233.contra.model.Player - Score +100 = 33100
11:35:39.836 [main] DEBUG se233.contra.model.Player - Score +100 = 33200
11:35:39.836 [main] DEBUG se233.contra.model.Player - Score +100 = 33300
11:35:39.836 [main] DEBUG se233.contra.model.Player - Score +100 = 33400
11:35:39.836 [main] DEBUG se233.contra.model.Player - Score +100 = 33500
11:35:39.836 [main] DEBUG se233.contra.model.Player - Score +100 = 33600
11:35:39.836 [main] DEBUG se233.contra.model.Player - Score +100 = 33700
11:35:39.836 [main] DEBUG se233.contra.model.Player - Score +100 = 33800
11:35:39.836 [main] DEBUG se233.contra.model.Player - Score +100 = 33900
11:35:39.836 [main] DEBUG se233.contra.model.Player - Score +100 = 34000
11:35:39.836 [main] DEBUG se233.contra.model.Player - Score +100 = 34100
11:35:39.836 [main] DEBUG se233.contra.model.Player - Score +100 = 34200
11:35:39.836 [main] DEBUG se233.contra.model.Player - Score +100 = 34300
11:35:39.836 [main] DEBUG se233.contra.model.Player - Score +100 = 34400
11:35:39.836 [main] DEBUG se233.contra.model.Player - Score +100 = 34500
11:35:39.836 [main] DEBUG se233.contra.model.Player - Score +100 = 34600
11:35:39.836 [main] DEBUG se233.contra.model.Player - Score +100 = 34700
11:35:39.836 [main] DEBUG se233.contra.model.Player - Score +100 = 34800
11:35:39.836 [main] DEBUG se233.contra.model.Player - Score +100 = 34900
11:35:39.836 [main] DEBUG se233.contra.model.Player - Score +100 = 35000
11:35:39.836 [main] DEBUG se233.contra.model.Player - Score +100 = 35100
11:35:39.836 [main] DEBUG se233.contra.model.Player - Score +100 = 35200
11:35:39.836 [main] DEBUG se233.contra.model.Player - Score +100 = 35300
11:35:39.836 [main] DEBUG se233.contra.model.Player - Score +100 = 35400
11:35:39.836 [main] DEBUG se233.contra.model.Player - Score +100 = 35500
11:35:39.836 [main] DEBUG se233.contra.model.Player - Score +100 = 35600
11:35:39.836 [main] DEBUG se233.contra.model.Player - Score +100 = 35700
11:35:39.836 [main] DEBUG se233.contra.model.Player - Score +100 = 35800
11:35:39.836 [main] DEBUG se233.contra.model.Player - Score +100 = 35900
11:35:39.836 [main] DEBUG se233.contra.model.Player - Score +100 = 36000
11:35:39.836 [main] DEBUG se233.contra.model.Player - Score +100 = 36100
11:35:39.836 [main] DEBUG se233.contra.model.Player - Score +100 = 36200
11:35:39.836 [main] DEBUG se233.contra.model.Player - Score +100 = 36300
11:35:39.836 [main] DEBUG se233.contra.model.Player - Score +100 = 36400
11:35:39.836 [main] DEBUG se233.contra.model.Player - Score +100 = 36500
11:35:39.836 [main] DEBUG se233.contra.model.Player - Score +100 = 36600
11:35:39.836 [main] DEBUG se233.contra.model.Player - Score +100 = 36700
11:35:39.836 [main] DEBUG se233.contra.model.Player - Score +100 = 36800
11:35:39.836 [main] DEBUG se233.contra.model.Player - Score +100 = 36900
11:35:39.836 [main] DEBUG se233.contra.model.Player - Score +100 = 37000
11:35:39.836 [main] DEBUG se233.contra.model.Player - Score +100 = 37100
11:35:39.836 [main] DEBUG se233.contra.model.Player - Score +100 = 37200
11:35:39.836 [main] DEBUG se233.contra.model.Player - Score +100 = 37300
11:35:39.836 [main] DEBUG se233.contra.model.Player - Score +100 = 37400
11:35:39.837 [main] DEBUG se233.contra.model.Player - Score +100 = 37500
11:35:39.837 [main] DEBUG se233.contra.model.Player - Score +100 = 37600
11:35:39.837 [main] DEBUG se233.contra.model.Player - Score +100 = 37700
11:35:39.837 [main] DEBUG se233.contra.model.Player - Score +100 = 37800
11:35:39.837 [main] DEBUG se233.contra.model.Player - Score +100 = 37900
11:35:39.837 [main] DEBUG se233.contra.model.Player - Score +100 = 38000
11:35:39.837 [main] DEBUG se233.contra.model.Player - Score +100 = 38100
11:35:39.837 [main] DEBUG se233.contra.model.Player - Score +100 = 38200
11:35:39.837 [main] DEBUG se233.contra.model.Player - Score +100 = 38300
11:35:39.837 [main] DEBUG se233.contra.model.Player - Score +100 = 38400
11:35:39.837 [main] DEBUG se233.contra.model.Player - Score +100 = 38500
11:35:39.837 [main] DEBUG se233.contra.model.Player - Score +100 = 38600
11:35:39.837 [main] DEBUG se233.contra.model.Player - Score +100 = 38700
11:35:39.837 [main] DEBUG se233.contra.model.Player - Score +100 = 38800
11:35:39.837 [main] DEBUG se233.contra.model.Player - Score +100 = 38900
11:35:39.837 [main] DEBUG se233.contra.model.Player - Score +100 = 39000
11:35:39.837 [main] DEBUG se233.contra.model.Player - Score +100 = 39100
11:35:39.837 [main] DEBUG se233.contra.model.Player - Score +100 = 39200
11:35:39.837 [main] DEBUG se233.contra.model.Player - Score +100 = 39300
11:35:39.837 [main] DEBUG se233.contra.model.Player - Score +100 = 39400
11:35:39.837 [main] DEBUG se233.contra.model.Player - Score +100 = 39500
11:35:39.837 [main] DEBUG se233.contra.model.Player - Score +100 = 39600
11:35:39.837 [main] DEBUG se233.contra.model.Player - Score +100 = 39700
11:35:39.837 [main] DEBUG se233.contra.model.Player - Score +100 = 39800
11:35:39.837 [main] DEBUG se233.contra.model.Player - Score +100 = 39900
11:35:39.837 [main] DEBUG se233.contra.model.Player - Score +100 = 40000
11:35:39.837 [main] DEBUG se233.contra.model.Player - Score +100 = 40100
11:35:39.837 [main] DEBUG se233.contra.model.Player - Score +100 = 40200
11:35:39.837 [main] DEBUG se233.contra.model.Player - Score +100 = 40300
11:35:39.837 [main] DEBUG se233.contra.model.Player - Score +100 = 40400
11:35:39.837 [main] DEBUG se233.contra.model.Player - Score +100 = 40500
11:35:39.837 [main] DEBUG se233.contra.model.Player - Score +100 = 40600
11:35:39.837 [main] DEBUG se233.contra.model.Player - Score +100 = 40700
11:35:39.837 [main] DEBUG se233.contra.model.Player - Score +100 = 40800
11:35:39.837 [main] DEBUG se233.contra.model.Player - Score +100 = 40900
11:35:39.837 [main] DEBUG se233.contra.model.Player - Score +100 = 41000
11:35:39.837 [main] DEBUG se233.contra.model.Player - Score +100 = 41100
11:35:39.837 [main] DEBUG se233.contra.model.Player - Score +100 = 41200
11:35:39.837 [main] DEBUG se233.contra.model.Player - Score +100 = 41300
11:35:39.837 [main] DEBUG se233.contra.model.Player - Score +100 = 41400
11:35:39.837 [main] DEBUG se233.contra.model.Player - Score +100 = 41500
11:35:39.837 [main] DEBUG se233.contra.model.Player - Score +100 = 41600
11:35:39.837 [main] DEBUG se233.contra.model.Player - Score +100 = 41700
11:35:39.837 [main] DEBUG se233.contra.model.Player - Score +100 = 41800
11:35:39.837 [main] DEBUG se233.contra.model.Player - Score +100 = 41900
11:35:39.837 [main] DEBUG se233.contra.model.Player - Score +100 = 42000
11:35:39.837 [main] DEBUG se233.contra.model.Player - Score +100 = 42100
11:35:39.837 [main] DEBUG se233.contra.model.Player - Score +100 = 42200
11:35:39.837 [main] DEBUG se233.contra.model.Player - Score +100 = 42300
11:35:39.837 [main] DEBUG se233.contra.model.Player - Score +100 = 42400
11:35:39.837 [main] DEBUG se233.contra.model.Player - Score +100 = 42500
11:35:39.837 [main] DEBUG se233.contra.model.Player - Score +100 = 42600
11:35:39.837 [main] DEBUG se233.contra.model.Player - Score +100 = 42700
11:35:39.837 [main] DEBUG se233.contra.model.Player - Score +100 = 42800
11:35:39.837 [main] DEBUG se233.contra.model.Player - Score +100 = 42900
11:35:39.837 [main] DEBUG se233.contra.model.Player - Score +100 = 43000
11:35:39.837 [main] DEBUG se233.contra.model.Player - Score +100 = 43100
11:35:39.837 [main] DEBUG se233.contra.model.Player - Score +100 = 43200
11:35:39.837 [main] DEBUG se233.contra.model.Player - Score +100 = 43300
11:35:39.837 [main] DEBUG se233.contra.model.Player - Score +100 = 43400
11:35:39.837 [main] DEBUG se233.contra.model.Player - Score +100 = 43500
11:35:39.837 [main] DEBUG se233.contra.model.Player - Score +100 = 43600
11:35:39.837 [main] DEBUG se233.contra.model.Player - Score +100 = 43700
11:35:39.837 [main] DEBUG se233.contra.model.Player - Score +100 = 43800
11:35:39.837 [main] DEBUG se233.contra.model.Player - Score +100 = 43900
11:35:39.837 [main] DEBUG se233.contra.model.Player - Score +100 = 44000
11:35:39.837 [main] DEBUG se233.contra.model.Player - Score +100 = 44100
11:35:39.837 [main] DEBUG se233.contra.model.Player - Score +100 = 44200
11:35:39.837 [main] DEBUG se233.contra.model.Player - Score +100 = 44300
11:35:39.837 [main] DEBUG se233.contra.model.Player - Score +100 = 44400
11:35:39.837 [main] DEBUG se233.contra.model.Player - Score +100 = 44500
11:35:39.837 [main] DEBUG se233.contra.model.Player - Score +100 = 44600
11:35:39.837 [main] DEBUG se233.contra.model.Player - Score +100 = 44700
11:35:39.837 [main] DEBUG se233.contra.model.Player - Score +100 = 44800
11:35:39.837 [main] DEBUG se233.contra.model.Player - Score +100 = 44900
11:35:39.837 [main] DEBUG se233.contra.model.Player - Score +100 = 45000
11:35:39.837 [main] DEBUG se233.contra.model.Player - Score +100 = 45100
11:35:39.837 [main] DEBUG se233.contra.model.Player - Score +100 = 45200
11:35:39.837 [main] DEBUG se233.contra.model.Player - Score +100 = 45300
11:35:39.837 [main] DEBUG se233.contra.model.Player - Score +100 = 45400
11:35:39.837 [main] DEBUG se233.contra.model.Player - Score +100 = 45500
11:35:39.837 [main] DEBUG se233.contra.model.Player - Score +100 = 45600
11:35:39.837 [main] DEBUG se233.contra.model.Player - Score +100 = 45700
11:35:39.837 [main] DEBUG se233.contra.model.Player - Score +100 = 45800
11:35:39.837 [main] DEBUG se233.contra.model.Player - Score +100 = 45900
11:35:39.837 [main] DEBUG se233.contra.model.Player - Score +100 = 46000
11:35:39.837 [main] DEBUG se233.contra.model.Player - Score +100 = 46100
11:35:39.837 [main] DEBUG se233.contra.model.Player - Score +100 = 46200
11:35:39.837 [main] DEBUG se233.contra.model.Player - Score +100 = 46300
11:35:39.837 [main] DEBUG se233.contra.model.Player - Score +100 = 46400
11:35:39.837 [main] DEBUG se233.contra.model.Player - Score +100 = 46500
11:35:39.837 [main] DEBUG se233.contra.model.Player - Score +100 = 46600
11:35:39.837 [main] DEBUG se233.contra.model.Player - Score +100 = 46700
11:35:39.837 [main] DEBUG se233.contra.model.Player - Score +100 = 46800
11:35:39.837 [main] DEBUG se233.contra.model.Player - Score +100 = 46900
11:35:39.837 [main] DEBUG se233.contra.model.Player - Score +100 = 47000
11:35:39.837 [main] DEBUG se233.contra.model.Player - Score +100 = 47100
11:35:39.837 [main] DEBUG se233.contra.model.Player - Score +100 = 47200
11:35:39.837 [main] DEBUG se233.contra.model.Player - Score +100 = 47300
11:35:39.837 [main] DEBUG se233.contra.model.Player - Score +100 = 47400
11:35:39.837 [main] DEBUG se233.contra.model.Player - Score +100 = 47500
11:35:39.838 [main] DEBUG se233.contra.model.Player - Score +100 = 47600
11:35:39.838 [main] DEBUG se233.contra.model.Player - Score +100 = 47700
11:35:39.838 [main] DEBUG se233.contra.model.Player - Score +100 = 47800
11:35:39.838 [main] DEBUG se233.contra.model.Player - Score +100 = 47900
11:35:39.838 [main] DEBUG se233.contra.model.Player - Score +100 = 48000
11:35:39.838 [main] DEBUG se233.contra.model.Player - Score +100 = 48100
11:35:39.838 [main] DEBUG se233.contra.model.Player - Score +100 = 48200
11:35:39.838 [main] DEBUG se233.contra.model.Player - Score +100 = 48300
11:35:39.838 [main] DEBUG se233.contra.model.Player - Score +100 = 48400
11:35:39.838 [main] DEBUG se233.contra.model.Player - Score +100 = 48500
11:35:39.838 [main] DEBUG se233.contra.model.Player - Score +100 = 48600
11:35:39.838 [main] DEBUG se233.contra.model.Player - Score +100 = 48700
11:35:39.838 [main] DEBUG se233.contra.model.Player - Score +100 = 48800
11:35:39.838 [main] DEBUG se233.contra.model.Player - Score +100 = 48900
11:35:39.838 [main] DEBUG se233.contra.model.Player - Score +100 = 49000
11:35:39.838 [main] DEBUG se233.contra.model.Player - Score +100 = 49100
11:35:39.838 [main] DEBUG se233.contra.model.Player - Score +100 = 49200
11:35:39.838 [main] DEBUG se233.contra.model.Player - Score +100 = 49300
11:35:39.838 [main] DEBUG se233.contra.model.Player - Score +100 = 49400
11:35:39.838 [main] DEBUG se233.contra.model.Player - Score +100 = 49500
11:35:39.838 [main] DEBUG se233.contra.model.Player - Score +100 = 49600
11:35:39.838 [main] DEBUG se233.contra.model.Player - Score +100 = 49700
11:35:39.838 [main] DEBUG se233.contra.model.Player - Score +100 = 49800
11:35:39.838 [main] DEBUG se233.contra.model.Player - Score +100 = 49900
11:35:39.838 [main] DEBUG se233.contra.model.Player - Score +100 = 50000
]]></system-out>
  </testcase>
  <testcase name="testMinionKillScore" classname="se233.contra.model.ScoringTest" time="0.001">
    <system-out><![CDATA[11:35:39.839 [main] WARN  se233.contra.view.SpriteLoader - SpriteLoader already initialized
11:35:39.839 [main] INFO  se233.contra.model.Player - Player created at (100.0, 618.0) with Rifle
11:35:39.839 [main] DEBUG se233.contra.model.Player - Score +100 = 100
]]></system-out>
  </testcase>
  <testcase name="testInitialScore" classname="se233.contra.model.ScoringTest" time="0.0">
    <system-out><![CDATA[11:35:39.840 [main] WARN  se233.contra.view.SpriteLoader - SpriteLoader already initialized
11:35:39.840 [main] INFO  se233.contra.model.Player - Player created at (100.0, 618.0) with Rifle
]]></system-out>
  </testcase>
  <testcase name="testScoreDoesNotDecrease" classname="se233.contra.model.ScoringTest" time="0.001">
    <system-out><![CDATA[11:35:39.840 [main] WARN  se233.contra.view.SpriteLoader - SpriteLoader already initialized
11:35:39.841 [main] INFO  se233.contra.model.Player - Player created at (100.0, 618.0) with Rifle
11:35:39.841 [main] DEBUG se233.contra.model.Player - Score +1000 = 1000
11:35:39.841 [main] DEBUG se233.contra.model.Player - Score +0 = 1000
]]></system-out>
  </testcase>
  <testcase name="testScoreAfterMultipleKills" classname="se233.contra.model.ScoringTest" time="0.0">
    <system-out><![CDATA[11:35:39.841 [main] WARN  se233.contra.view.SpriteLoader - SpriteLoader already initialized
11:35:39.841 [main] INFO  se233.contra.model.Player - Player created at (100.0, 618.0) with Rifle
11:35:39.841 [main] DEBUG se233.contra.model.Player - Score +100 = 100
11:35:39.841 [main] DEBUG se233.contra.model.Player - Score +100 = 200
11:35:39.841 [main] DEBUG se233.contra.model.Player - Score +100 = 300
11:35:39.841 [main] DEBUG se233.contra.model.Player - Score +500 = 800
11:35:39.841 [main] DEBUG se233.contra.model.Player - Score +500 = 1300
11:35:39.841 [main] DEBUG se233.contra.model.Player - Score +10000 = 11300
]]></system-out>
  </testcase>
</testsuite>