<?xml version="1.0" encoding="UTF-8"?>
<testsuite xmlns:xsi="http://www.w3.org/2001/XMLSchema-instance" xsi:noNamespaceSchemaLocation="https://maven.apache.org/surefire/maven-surefire-plugin/xsd/surefire-test-report-3.0.xsd" version="3.0" name="se233.contra.model.SoldierMovementTest" time="0.007" tests="8" errors="0" skipped="0" failures="0">
  <properties>
    <property name="java.specification.version" value="21"/>
    <property name="javafx.runtime.version" value="17.0.2-ea+3"/>
    <property name="sun.jnu.encoding" value="UTF-8"/>
    <property name="java.class.path" value="/Users/tsukina/Downloads/ADV-PROJECT2-Test-main/contra/target/test-classes:/Users/tsukina/Downloads/ADV-PROJECT2-Test-main/contra/target/classes:/Users/tsukina/.m2/repository/org/openjfx/javafx-controls/17.0.2/javafx-controls-17.0.2.jar:/Users/tsukina/.m2/repository/org/openjfx/javafx-controls/17.0.2/javafx-controls-17.0.2-mac-aarch64.jar:/Users/tsukina/.m2/repository/org/openjfx/javafx-fxml/17.0.2/javafx-fxml-17.0.2.jar:/Users/tsukina/.m2/repository/org/openjfx/javafx-fxml/17.0.2/javafx-fxml-17.0.2-mac-aarch64.jar:/Users/tsukina/.m2/repository/org/openjfx/javafx-graphics/17.0.2/javafx-graphics-17.0.2.jar:/Users/tsukina/.m2/repository/org/openjfx/javafx-graphics/17.0.2/javafx-graphics-17.0.2-mac-aarch64.jar:/Users/tsukina/.m2/repository/org/openjfx/javafx-media/17.0.2/javafx-media-17.0.2.jar:/Users/tsukina/.m2/repository/org/openjfx/javafx-media/17.0.2/javafx-media-17.0.2-mac-aarch64.jar:/Users/tsukina/.m2/repository/org/openjfx/javafx-base/17.0.2/javafx-base-17.0.2.jar:/Users/tsukina/.m2/repository/org/openjfx/javafx-base/17.0.2/javafx-base-17.0.2-mac-aarch64.jar:/Users/tsukina/.m2/repository/org/slf4j/slf4j-api/2.0.9/slf4j-api-2.0.9.jar:/Users/tsukina/.m2/repository/ch/qos/logback/logback-classic/1.4.11/logback-classic-1.4.11.jar:/Users/tsukina/.m2/repository/ch/qos/logback/logback-core/1.4.11/logback-core-1.4.11.jar:/Users/tsukina/.m2/repository/org/junit/jupiter/junit-jupiter-api/5.10.0/junit-jupiter-api-5.10.0.jar:/Users/tsukina/.m2/repository/org/opentest4j/opentest4j/1.3.0/opentest4j-1.3.0.jar:/Users/tsukina/.m2/repository/org/junit/platform/junit-platform-commons/1.10.0/junit-platform-commons-1.10.0.jar:/Users/tsukina/.m2/repository/org/apiguardian/apiguardian-api/1.1.2/apiguardian-api-1.1.2.jar:/Users/tsukina/.m2/repository/org/junit/jupiter/junit-jupiter-engine/5.10.0/junit-jupiter-engine-5.10.0.jar:/Users/tsukina/.m2/repository/org/junit/platform/junit-platform-engine/1.10.0/junit-platform-engine-1.10.0.jar:/Users/tsukina/.m2/repository/org/mockito/mockito-core/5.5.0/mockito-core-5.5.0.jar:/Users/tsukina/.m2/repository/net/bytebuddy/byte-buddy/1.14.6/byte-buddy-1.14.6.jar:/Users/tsukina/.m2/repository/net/bytebuddy/byte-buddy-agent/1.14.6/byte-buddy-agent-1.14.6.jar:/Users/tsukina/.m2/repository/org/objenesis/objenesis/3.3/objenesis-3.3.jar:"/>
    <property name="java.vm.vendor" value="Oracle Corporation"/>
    <property name="sun.arch.data.model" value="64"/>
    <property name="java.vendor.url" value="https://java.oracle.com/"/>
    <property name="user.timezone" value="Asia/Bangkok"/>
    <property name="javafx.version" value="17.0.2-ea"/>
    <property name="os.name" value="Mac OS X"/>
    <property name="java.vm.specification.version" value="21"/>
    <property name="sun.java.launcher" value="SUN_STANDARD"/>
    <property name="user.country" value="TH"/>
    <property name="sun.boot.library.path" value="/Library/Java/JavaVirtualMachines/jdk-21.jdk/Contents/Home/lib"/>
    <property name="sun.java.command" value="/Users/tsukina/Downloads/ADV-PROJECT2-Test-main/contra/target/surefire/surefirebooter-20251016113539391_3.jar /Users/tsukina/Downloads/ADV-PROJECT2-Test-main/contra/target/surefire 2568-10-16T11-35-39_354-jvmRun1 surefire-20251016113539391_1tmp surefire_0-20251016113539391_2tmp"/>
    <property name="http.nonProxyHosts" value="local|*.local|169.254/16|*.169.254/16"/>
    <property name="jdk.debug" value="release"/>
    <property name="surefire.test.class.path" value="/Users/tsukina/Downloads/ADV-PROJECT2-Test-main/contra/target/test-classes:/Users/tsukina/Downloads/ADV-PROJECT2-Test-main/contra/target/classes:/Users/tsukina/.m2/repository/org/openjfx/javafx-controls/17.0.2/javafx-controls-17.0.2.jar:/Users/tsukina/.m2/repository/org/openjfx/javafx-controls/17.0.2/javafx-controls-17.0.2-mac-aarch64.jar:/Users/tsukina/.m2/repository/org/openjfx/javafx-fxml/17.0.2/javafx-fxml-17.0.2.jar:/Users/tsukina/.m2/repository/org/openjfx/javafx-fxml/17.0.2/javafx-fxml-17.0.2-mac-aarch64.jar:/Users/tsukina/.m2/repository/org/openjfx/javafx-graphics/17.0.2/javafx-graphics-17.0.2.jar:/Users/tsukina/.m2/repository/org/openjfx/javafx-graphics/17.0.2/javafx-graphics-17.0.2-mac-aarch64.jar:/Users/tsukina/.m2/repository/org/openjfx/javafx-media/17.0.2/javafx-media-17.0.2.jar:/Users/tsukina/.m2/repository/org/openjfx/javafx-media/17.0.2/javafx-media-17.0.2-mac-aarch64.jar:/Users/tsukina/.m2/repository/org/openjfx/javafx-base/17.0.2/javafx-base-17.0.2.jar:/Users/tsukina/.m2/repository/org/openjfx/javafx-base/17.0.2/javafx-base-17.0.2-mac-aarch64.jar:/Users/tsukina/.m2/repository/org/slf4j/slf4j-api/2.0.9/slf4j-api-2.0.9.jar:/Users/tsukina/.m2/repository/ch/qos/logback/logback-classic/1.4.11/logback-classic-1.4.11.jar:/Users/tsukina/.m2/repository/ch/qos/logback/logback-core/1.4.11/logback-core-1.4.11.jar:/Users/tsukina/.m2/repository/org/junit/jupiter/junit-jupiter-api/5.10.0/junit-jupiter-api-5.10.0.jar:/Users/tsukina/.m2/repository/org/opentest4j/opentest4j/1.3.0/opentest4j-1.3.0.jar:/Users/tsukina/.m2/repository/org/junit/platform/junit-platform-commons/1.10.0/junit-platform-commons-1.10.0.jar:/Users/tsukina/.m2/repository/org/apiguardian/apiguardian-api/1.1.2/apiguardian-api-1.1.2.jar:/Users/tsukina/.m2/repository/org/junit/jupiter/junit-jupiter-engine/5.10.0/junit-jupiter-engine-5.10.0.jar:/Users/tsukina/.m2/repository/org/junit/platform/junit-platform-engine/1.10.0/junit-platform-engine-1.10.0.jar:/Users/tsukina/.m2/repository/org/mockito/mockito-core/5.5.0/mockito-core-5.5.0.jar:/Users/tsukina/.m2/repository/net/bytebuddy/byte-buddy/1.14.6/byte-buddy-1.14.6.jar:/Users/tsukina/.m2/repository/net/bytebuddy/byte-buddy-agent/1.14.6/byte-buddy-agent-1.14.6.jar:/Users/tsukina/.m2/repository/org/objenesis/objenesis/3.3/objenesis-3.3.jar:"/>
    <property name="sun.cpu.endian" value="little"/>
    <property name="user.home" value="/Users/tsukina"/>
    <property name="user.language" value="th"/>
    <property name="java.specification.vendor" value="Oracle Corporation"/>
    <property name="java.version.date" value="2025-04-15"/>
    <property name="java.home" value="/Library/Java/JavaVirtualMachines/jdk-21.jdk/Contents/Home"/>
    <property name="file.separator" value="/"/>
    <property name="basedir" value="/Users/tsukina/Downloads/ADV-PROJECT2-Test-main/contra"/>
    <property name="java.vm.compressedOopsMode" value="Zero based"/>
    <property name="line.separator" value="&#10;"/>
    <property name="java.vm.specification.vendor" value="Oracle Corporation"/>
    <property name="java.specification.name" value="Java Platform API Specification"/>
    <property name="apple.awt.application.name" value="ForkedBooter"/>
    <property name="surefire.real.class.path" value="/Users/tsukina/Downloads/ADV-PROJECT2-Test-main/contra/target/surefire/surefirebooter-20251016113539391_3.jar"/>
    <property name="sun.management.compiler" value="HotSpot 64-Bit Tiered Compilers"/>
    <property name="ftp.nonProxyHosts" value="local|*.local|169.254/16|*.169.254/16"/>
    <property name="java.runtime.version" value="21.0.7+8-LTS-245"/>
    <property name="user.name" value="tsukina"/>
    <property name="stdout.encoding" value="UTF-8"/>
    <property name="path.separator" value=":"/>
    <property name="os.version" value="15.1"/>
    <property name="java.runtime.name" value="Java(TM) SE Runtime Environment"/>
    <property name="file.encoding" value="UTF-8"/>
    <property name="java.vm.name" value="Java HotSpot(TM) 64-Bit Server VM"/>
    <property name="localRepository" value="/Users/tsukina/.m2/repository"/>
    <property name="java.vendor.url.bug" value="https://bugreport.java.com/bugreport/"/>
    <property name="java.io.tmpdir" value="/var/folders/th/hx1hsxt96h94gpgv7thyk72r0000gn/T/"/>
    <property name="idea.version" value="2025.1.3"/>
    <property name="java.version" value="21.0.7"/>
    <property name="user.dir" value="/Users/tsukina/Downloads/ADV-PROJECT2-Test-main/contra"/>
    <property name="os.arch" value="aarch64"/>
    <property name="java.vm.specification.name" value="Java Virtual Machine Specification"/>
    <property name="native.encoding" value="UTF-8"/>
    <property name="java.library.path" value="/Users/tsukina/Library/Java/Extensions:/Library/Java/Extensions:/Network/Library/Java/Extensions:/System/Library/Java/Extensions:/usr/lib/java:."/>
    <property name="java.vm.info" value="mixed mode, sharing"/>
    <property name="stderr.encoding" value="UTF-8"/>
    <property name="java.vendor" value="Oracle Corporation"/>
    <property name="java.vm.version" value="21.0.7+8-LTS-245"/>
    <property name="sun.io.unicode.encoding" value="UnicodeBig"/>
    <property name="socksNonProxyHosts" value="local|*.local|169.254/16|*.169.254/16"/>
    <property name="java.class.version" value="65.0"/>
  </properties>
  <testcase name="testMultipleSoldiersMovementIndependently" classname="se233.contra.model.SoldierMovementTest" time="0.002">
    <system-out><![CDATA[11:35:39.820 [main] WARN  se233.contra.view.SpriteLoader - SpriteLoader already initialized
11:35:39.820 [main] DEBUG se233.contra.model.Soldier - Soldier spawned at (300.0, 618.0) - ground at 650.0
11:35:39.820 [main] DEBUG se233.contra.model.Soldier - Soldier spawned at (100.0, 618.0) - ground at 650.0
11:35:39.820 [main] DEBUG se233.contra.model.Soldier - Soldier spawned at (200.0, 618.0) - ground at 650.0
11:35:39.821 [main] DEBUG se233.contra.model.Bullet - Bullet created at (118.0, 634.0) direction: Vector2D(1.00, 0.00) player: false
11:35:39.821 [main] DEBUG se233.contra.model.Bullet - Bullet created at (218.0, 634.0) direction: Vector2D(1.00, 0.00) player: false
]]></system-out>
  </testcase>
  <testcase name="testSoldierFacingDirection" classname="se233.contra.model.SoldierMovementTest" time="0.001">
    <system-out><![CDATA[11:35:39.821 [main] WARN  se233.contra.view.SpriteLoader - SpriteLoader already initialized
11:35:39.821 [main] DEBUG se233.contra.model.Soldier - Soldier spawned at (300.0, 618.0) - ground at 650.0
11:35:39.822 [main] DEBUG se233.contra.model.Bullet - Bullet created at (292.0, 634.0) direction: Vector2D(-1.00, 0.00) player: false
]]></system-out>
  </testcase>
  <testcase name="testSoldierStopsWhenShooting" classname="se233.contra.model.SoldierMovementTest" time="0.0">
    <system-out><![CDATA[11:35:39.822 [main] WARN  se233.contra.view.SpriteLoader - SpriteLoader already initialized
11:35:39.822 [main] DEBUG se233.contra.model.Soldier - Soldier spawned at (300.0, 618.0) - ground at 650.0
11:35:39.822 [main] DEBUG se233.contra.model.Bullet - Bullet created at (306.74431432968356, 634.0) direction: Vector2D(-1.00, 0.00) player: false
]]></system-out>
  </testcase>
  <testcase name="testSoldierDeactivationOffScreen" classname="se233.contra.model.SoldierMovementTest" time="0.0">
    <system-out><![CDATA[11:35:39.823 [main] WARN  se233.contra.view.SpriteLoader - SpriteLoader already initialized
11:35:39.823 [main] DEBUG se233.contra.model.Soldier - Soldier spawned at (300.0, 618.0) - ground at 650.0
]]></system-out>
  </testcase>
  <testcase name="testSoldierInitialPosition" classname="se233.contra.model.SoldierMovementTest" time="0.0">
    <system-out><![CDATA[11:35:39.824 [main] WARN  se233.contra.view.SpriteLoader - SpriteLoader already initialized
11:35:39.824 [main] DEBUG se233.contra.model.Soldier - Soldier spawned at (300.0, 618.0) - ground at 650.0
]]></system-out>
  </testcase>
  <testcase name="testSoldierDeathStopsMovement" classname="se233.contra.model.SoldierMovementTest" time="0.001">
    <system-out><![CDATA[11:35:39.824 [main] WARN  se233.contra.view.SpriteLoader - SpriteLoader already initialized
11:35:39.824 [main] DEBUG se233.contra.model.Soldier - Soldier spawned at (300.0, 618.0) - ground at 650.0
11:35:39.824 [main] DEBUG se233.contra.model.Soldier - Soldier killed at (300.0, 618.0)
]]></system-out>
  </testcase>
  <testcase name="testSoldierMovement" classname="se233.contra.model.SoldierMovementTest" time="0.0">
    <system-out><![CDATA[11:35:39.825 [main] WARN  se233.contra.view.SpriteLoader - SpriteLoader already initialized
11:35:39.825 [main] DEBUG se233.contra.model.Soldier - Soldier spawned at (300.0, 618.0) - ground at 650.0
]]></system-out>
  </testcase>
  <testcase name="testSoldierPatrolBehavior" classname="se233.contra.model.SoldierMovementTest" time="0.001">
    <system-out><![CDATA[11:35:39.825 [main] WARN  se233.contra.view.SpriteLoader - SpriteLoader already initialized
11:35:39.826 [main] DEBUG se233.contra.model.Soldier - Soldier spawned at (300.0, 618.0) - ground at 650.0
11:35:39.826 [main] DEBUG se233.contra.model.Bullet - Bullet created at (224.80977716526215, 634.0) direction: Vector2D(-1.00, 0.00) player: false
11:35:39.826 [main] DEBUG se233.contra.model.Bullet - Bullet created at (116.42933149578644, 634.0) direction: Vector2D(1.00, 0.00) player: false
]]></system-out>
  </testcase>
</testsuite>